This file contains any messages produced by compilers while
running configure, to aid debugging if configure makes a mistake.

It was created by Cribsense configure 1.0, which was
generated by GNU Autoconf 2.71.  Invocation command line was

  $ ./configure --prefix=/usr --sysconfdir=/etc --disable-debug

## --------- ##
## Platform. ##
## --------- ##

hostname = raspberrypi
uname -m = aarch64
uname -r = 6.6.74+rpt-rpi-v8
uname -s = Linux
uname -v = #1 SMP PREEMPT Debian 1:6.6.74-1+rpt1 (2025-01-27)

/usr/bin/uname -p = unknown
/bin/uname -X     = unknown

/bin/arch              = aarch64
/usr/bin/arch -k       = unknown
/usr/convex/getsysinfo = unknown
/usr/bin/hostinfo      = unknown
/bin/machine           = unknown
/usr/bin/oslevel       = unknown
/bin/universe          = unknown

PATH: /usr/local/sbin/
PATH: /usr/local/bin/
PATH: /usr/sbin/
PATH: /usr/bin/
PATH: /sbin/
PATH: /bin/
PATH: /usr/local/games/
PATH: /usr/games/


## ----------- ##
## Core tests. ##
## ----------- ##

configure:2738: looking for aux files: ltmain.sh compile config.guess config.sub missing install-sh
configure:2751:  trying ./build-aux/
configure:2780:   ./build-aux/ltmain.sh found
configure:2780:   ./build-aux/compile found
configure:2780:   ./build-aux/config.guess found
configure:2780:   ./build-aux/config.sub found
configure:2780:   ./build-aux/missing found
configure:2762:   ./build-aux/install-sh found
configure:2915: checking for a BSD-compatible install
configure:2988: result: /usr/bin/install -c
configure:2999: checking whether build environment is sane
configure:3054: result: yes
configure:3213: checking for a race-free mkdir -p
configure:3257: result: /usr/bin/mkdir -p
configure:3264: checking for gawk
configure:3299: result: no
configure:3264: checking for mawk
configure:3285: found /usr/bin/mawk
configure:3296: result: mawk
configure:3307: checking whether make sets $(MAKE)
configure:3330: result: yes
configure:3360: checking whether make supports nested variables
configure:3378: result: yes
configure:3463: checking whether UID '1000' is supported by ustar format
configure:3466: result: yes
configure:3473: checking whether GID '1000' is supported by ustar format
configure:3476: result: yes
configure:3484: checking how to create a ustar tar archive
configure:3495: tar --version
tar (GNU tar) 1.34
Copyright (C) 2021 Free Software Foundation, Inc.
License GPLv3+: GNU GPL version 3 or later <https://gnu.org/licenses/gpl.html>.
This is free software: you are free to change and redistribute it.
There is NO WARRANTY, to the extent permitted by law.

Written by John Gilmore and Jay Fenlason.
configure:3498: $? = 0
configure:3538: tardir=conftest.dir && eval tar --format=ustar -chf - "$tardir" >conftest.tar
configure:3541: $? = 0
configure:3545: tar -xf - <conftest.tar
configure:3548: $? = 0
configure:3550: cat conftest.dir/file
GrepMe
configure:3553: $? = 0
configure:3567: result: gnutar
configure:3638: checking build system type
configure:3653: result: aarch64-unknown-linux-gnu
configure:3673: checking host system type
configure:3687: result: aarch64-unknown-linux-gnu
configure:3710: checking whether to enable debugging
configure:3775: result: no
configure:3823: checking whether make supports the include directive
configure:3838: make -f confmf.GNU && cat confinc.out
this is the am__doit target
configure:3841: $? = 0
configure:3860: result: yes (GNU style)
configure:3936: checking for gcc
configure:3957: found /usr/bin/gcc
configure:3968: result: gcc
configure:4321: checking for C compiler version
configure:4330: gcc --version >&5
gcc (Debian 12.2.0-14) 12.2.0
Copyright (C) 2022 Free Software Foundation, Inc.
This is free software; see the source for copying conditions.  There is NO
warranty; not even for MERCHANTABILITY or FITNESS FOR A PARTICULAR PURPOSE.

configure:4341: $? = 0
configure:4330: gcc -v >&5
Using built-in specs.
COLLECT_GCC=gcc
COLLECT_LTO_WRAPPER=/usr/lib/gcc/aarch64-linux-gnu/12/lto-wrapper
Target: aarch64-linux-gnu
Configured with: ../src/configure -v --with-pkgversion='Debian 12.2.0-14' --with-bugurl=file:///usr/share/doc/gcc-12/README.Bugs --enable-languages=c,ada,c++,go,d,fortran,objc,obj-c++,m2 --prefix=/usr --with-gcc-major-version-only --program-suffix=-12 --program-prefix=aarch64-linux-gnu- --enable-shared --enable-linker-build-id --libexecdir=/usr/lib --without-included-gettext --enable-threads=posix --libdir=/usr/lib --enable-nls --enable-clocale=gnu --enable-libstdcxx-debug --enable-libstdcxx-time=yes --with-default-libstdcxx-abi=new --enable-gnu-unique-object --disable-libquadmath --disable-libquadmath-support --enable-plugin --enable-default-pie --with-system-zlib --enable-libphobos-checking=release --with-target-system-zlib=auto --enable-objc-gc=auto --enable-multiarch --enable-fix-cortex-a53-843419 --disable-werror --enable-checking=release --build=aarch64-linux-gnu --host=aarch64-linux-gnu --target=aarch64-linux-gnu
Thread model: posix
Supported LTO compression algorithms: zlib zstd
gcc version 12.2.0 (Debian 12.2.0-14) 
configure:4341: $? = 0
configure:4330: gcc -V >&5
gcc: error: unrecognized command-line option '-V'
gcc: fatal error: no input files
compilation terminated.
configure:4341: $? = 1
configure:4330: gcc -qversion >&5
gcc: error: unrecognized command-line option '-qversion'; did you mean '--version'?
gcc: fatal error: no input files
compilation terminated.
configure:4341: $? = 1
configure:4330: gcc -version >&5
gcc: error: unrecognized command-line option '-version'
gcc: fatal error: no input files
compilation terminated.
configure:4341: $? = 1
configure:4361: checking whether the C compiler works
configure:4383: gcc    conftest.c  >&5
configure:4387: $? = 0
configure:4437: result: yes
configure:4440: checking for C compiler default output file name
configure:4442: result: a.out
configure:4448: checking for suffix of executables
configure:4455: gcc -o conftest    conftest.c  >&5
configure:4459: $? = 0
configure:4482: result: 
configure:4504: checking whether we are cross compiling
configure:4512: gcc -o conftest    conftest.c  >&5
configure:4516: $? = 0
configure:4523: ./conftest
configure:4527: $? = 0
configure:4542: result: no
configure:4547: checking for suffix of object files
configure:4570: gcc -c   conftest.c >&5
configure:4574: $? = 0
configure:4596: result: o
configure:4600: checking whether the compiler supports GNU C
configure:4620: gcc -c   conftest.c >&5
configure:4620: $? = 0
configure:4630: result: yes
configure:4641: checking whether gcc accepts -g
configure:4662: gcc -c -g  conftest.c >&5
configure:4662: $? = 0
configure:4706: result: yes
configure:4726: checking for gcc option to enable C11 features
configure:4741: gcc  -c   conftest.c >&5
configure:4741: $? = 0
configure:4759: result: none needed
configure:4875: checking whether gcc understands -c and -o together
configure:4898: gcc -c conftest.c -o conftest2.o
configure:4901: $? = 0
configure:4898: gcc -c conftest.c -o conftest2.o
configure:4901: $? = 0
configure:4913: result: yes
configure:4932: checking dependency style of gcc
configure:5044: result: gcc3
configure:5064: checking for stdio.h
configure:5064: gcc -c   conftest.c >&5
configure:5064: $? = 0
configure:5064: result: yes
configure:5064: checking for stdlib.h
configure:5064: gcc -c   conftest.c >&5
configure:5064: $? = 0
configure:5064: result: yes
configure:5064: checking for string.h
configure:5064: gcc -c   conftest.c >&5
configure:5064: $? = 0
configure:5064: result: yes
configure:5064: checking for inttypes.h
configure:5064: gcc -c   conftest.c >&5
configure:5064: $? = 0
configure:5064: result: yes
configure:5064: checking for stdint.h
configure:5064: gcc -c   conftest.c >&5
configure:5064: $? = 0
configure:5064: result: yes
configure:5064: checking for strings.h
configure:5064: gcc -c   conftest.c >&5
configure:5064: $? = 0
configure:5064: result: yes
configure:5064: checking for sys/stat.h
configure:5064: gcc -c   conftest.c >&5
configure:5064: $? = 0
configure:5064: result: yes
configure:5064: checking for sys/types.h
configure:5064: gcc -c   conftest.c >&5
configure:5064: $? = 0
configure:5064: result: yes
configure:5064: checking for unistd.h
configure:5064: gcc -c   conftest.c >&5
configure:5064: $? = 0
configure:5064: result: yes
configure:5064: checking for wchar.h
configure:5064: gcc -c   conftest.c >&5
configure:5064: $? = 0
configure:5064: result: yes
configure:5064: checking for minix/config.h
configure:5064: gcc -c   conftest.c >&5
conftest.c:50:10: fatal error: minix/config.h: No such file or directory
   50 | #include <minix/config.h>
      |          ^~~~~~~~~~~~~~~~
compilation terminated.
configure:5064: $? = 1
configure: failed program was:
| /* confdefs.h */
| #define PACKAGE_NAME "Cribsense"
| #define PACKAGE_TARNAME "cribsense"
| #define PACKAGE_VERSION "1.0"
| #define PACKAGE_STRING "Cribsense 1.0"
| #define PACKAGE_BUGREPORT ""
| #define PACKAGE_URL ""
| #define PACKAGE "cribsense"
| #define VERSION "1.0"
| #define NDEBUG /**/
| #define HAVE_STDIO_H 1
| #define HAVE_STDLIB_H 1
| #define HAVE_STRING_H 1
| #define HAVE_INTTYPES_H 1
| #define HAVE_STDINT_H 1
| #define HAVE_STRINGS_H 1
| #define HAVE_SYS_STAT_H 1
| #define HAVE_SYS_TYPES_H 1
| #define HAVE_UNISTD_H 1
| #define HAVE_WCHAR_H 1
| /* end confdefs.h.  */
| #include <stddef.h>
| #ifdef HAVE_STDIO_H
| # include <stdio.h>
| #endif
| #ifdef HAVE_STDLIB_H
| # include <stdlib.h>
| #endif
| #ifdef HAVE_STRING_H
| # include <string.h>
| #endif
| #ifdef HAVE_INTTYPES_H
| # include <inttypes.h>
| #endif
| #ifdef HAVE_STDINT_H
| # include <stdint.h>
| #endif
| #ifdef HAVE_STRINGS_H
| # include <strings.h>
| #endif
| #ifdef HAVE_SYS_TYPES_H
| # include <sys/types.h>
| #endif
| #ifdef HAVE_SYS_STAT_H
| # include <sys/stat.h>
| #endif
| #ifdef HAVE_UNISTD_H
| # include <unistd.h>
| #endif
| #include <minix/config.h>
configure:5064: result: no
configure:5095: checking whether it is safe to define __EXTENSIONS__
configure:5114: gcc -c   conftest.c >&5
configure:5114: $? = 0
configure:5122: result: yes
configure:5125: checking whether _XOPEN_SOURCE should be defined
configure:5147: gcc -c   conftest.c >&5
configure:5147: $? = 0
configure:5174: result: no
configure:5278: checking how to print strings
configure:5305: result: printf
configure:5326: checking for a sed that does not truncate output
configure:5396: result: /usr/bin/sed
configure:5414: checking for grep that handles long lines and -e
configure:5478: result: /usr/bin/grep
configure:5483: checking for egrep
configure:5551: result: /usr/bin/grep -E
configure:5556: checking for fgrep
configure:5624: result: /usr/bin/grep -F
configure:5660: checking for ld used by gcc
configure:5728: result: /usr/bin/ld
configure:5735: checking if the linker (/usr/bin/ld) is GNU ld
configure:5751: result: yes
configure:5763: checking for BSD- or MS-compatible name lister (nm)
configure:5818: result: /usr/bin/nm -B
configure:5958: checking the name lister (/usr/bin/nm -B) interface
configure:5966: gcc -c   conftest.c >&5
configure:5969: /usr/bin/nm -B "conftest.o"
configure:5972: output
0000000000000000 B some_variable
configure:5979: result: BSD nm
configure:5982: checking whether ln -s works
configure:5986: result: yes
configure:5994: checking the maximum length of command line arguments
configure:6126: result: 1572864
configure:6174: checking how to convert aarch64-unknown-linux-gnu file names to aarch64-unknown-linux-gnu format
configure:6215: result: func_convert_file_noop
configure:6222: checking how to convert aarch64-unknown-linux-gnu file names to toolchain format
configure:6243: result: func_convert_file_noop
configure:6250: checking for /usr/bin/ld option to reload object files
configure:6258: result: -r
configure:6337: checking for file
configure:6358: found /usr/bin/file
configure:6369: result: file
configure:6445: checking for objdump
configure:6466: found /usr/bin/objdump
configure:6477: result: objdump
configure:6509: checking how to recognize dependent libraries
configure:6710: result: pass_all
configure:6800: checking for dlltool
configure:6835: result: no
configure:6865: checking how to associate runtime and link libraries
configure:6893: result: printf %s\n
configure:6958: checking for ar
configure:6979: found /usr/bin/ar
configure:6990: result: ar
configure:7043: checking for archiver @FILE support
configure:7061: gcc -c   conftest.c >&5
configure:7061: $? = 0
configure:7065: ar cr libconftest.a @conftest.lst >&5
configure:7068: $? = 0
configure:7073: ar cr libconftest.a @conftest.lst >&5
ar: conftest.o: No such file or directory
configure:7076: $? = 1
configure:7088: result: @
configure:7151: checking for strip
configure:7172: found /usr/bin/strip
configure:7183: result: strip
configure:7260: checking for ranlib
configure:7281: found /usr/bin/ranlib
configure:7292: result: ranlib
configure:7394: checking command to parse /usr/bin/nm -B output from gcc object
configure:7548: gcc -c   conftest.c >&5
configure:7551: $? = 0
configure:7555: /usr/bin/nm -B conftest.o | /usr/bin/sed -n -e 's/^.*[	 ]\([ABCDGIRSTW][ABCDGIRSTW]*\)[	 ][	 ]*\([_A-Za-z][_A-Za-z0-9]*\)$/\1 \2 \2/p' | /usr/bin/sed '/ __gnu_lto/d' > conftest.nm
configure:7621: gcc -o conftest    conftest.c conftstm.o >&5
configure:7624: $? = 0
configure:7662: result: ok
configure:7709: checking for sysroot
configure:7740: result: no
configure:7747: checking for a working dd
configure:7791: result: /usr/bin/dd
configure:7795: checking how to truncate binary pipes
configure:7811: result: /usr/bin/dd bs=4096 count=1
configure:8148: checking for mt
configure:8169: found /usr/bin/mt
configure:8180: result: mt
configure:8203: checking if mt is a manifest tool
configure:8210: mt '-?'
configure:8218: result: no
configure:8939: checking for dlfcn.h
configure:8939: gcc -c   conftest.c >&5
configure:8939: $? = 0
configure:8939: result: yes
configure:9198: checking for objdir
configure:9214: result: .libs
configure:9478: checking if gcc supports -fno-rtti -fno-exceptions
configure:9497: gcc -c   -fno-rtti -fno-exceptions conftest.c >&5
cc1: warning: command-line option '-fno-rtti' is valid for C++/D/ObjC++ but not for C
configure:9501: $? = 0
configure:9514: result: no
configure:9878: checking for gcc option to produce PIC
configure:9886: result: -fPIC -DPIC
configure:9894: checking if gcc PIC flag -fPIC -DPIC works
configure:9913: gcc -c   -fPIC -DPIC -DPIC conftest.c >&5
configure:9917: $? = 0
configure:9930: result: yes
configure:9959: checking if gcc static flag -static works
configure:9988: result: yes
configure:10003: checking if gcc supports -c -o file.o
configure:10025: gcc -c   -o out/conftest2.o conftest.c >&5
configure:10029: $? = 0
configure:10051: result: yes
configure:10059: checking if gcc supports -c -o file.o
configure:10107: result: yes
configure:10140: checking whether the gcc linker (/usr/bin/ld) supports shared libraries
configure:11414: result: yes
configure:11451: checking whether -lc should be explicitly linked in
configure:11460: gcc -c   conftest.c >&5
configure:11463: $? = 0
configure:11478: gcc -shared  -fPIC -DPIC conftest.o  -v -Wl,-soname -Wl,conftest -o conftest 2\>\&1 \| /usr/bin/grep  -lc  \>/dev/null 2\>\&1
configure:11481: $? = 0
configure:11495: result: no
configure:11655: checking dynamic linker characteristics
configure:12237: gcc -o conftest    -Wl,-rpath -Wl,/foo conftest.c  >&5
configure:12237: $? = 0
configure:12488: result: GNU/Linux ld.so
configure:12610: checking how to hardcode library paths into programs
configure:12635: result: immediate
configure:13187: checking whether stripping libraries is possible
configure:13196: result: yes
configure:13238: checking if libtool supports shared libraries
configure:13240: result: yes
configure:13243: checking whether to build shared libraries
configure:13268: result: yes
configure:13271: checking whether to build static libraries
configure:13275: result: yes
configure:13381: checking for g++
configure:13402: found /usr/bin/g++
configure:13413: result: g++
configure:13440: checking for C++ compiler version
configure:13449: g++ --version >&5
g++ (Debian 12.2.0-14) 12.2.0
Copyright (C) 2022 Free Software Foundation, Inc.
This is free software; see the source for copying conditions.  There is NO
warranty; not even for MERCHANTABILITY or FITNESS FOR A PARTICULAR PURPOSE.

configure:13460: $? = 0
configure:13449: g++ -v >&5
Using built-in specs.
COLLECT_GCC=g++
COLLECT_LTO_WRAPPER=/usr/lib/gcc/aarch64-linux-gnu/12/lto-wrapper
Target: aarch64-linux-gnu
Configured with: ../src/configure -v --with-pkgversion='Debian 12.2.0-14' --with-bugurl=file:///usr/share/doc/gcc-12/README.Bugs --enable-languages=c,ada,c++,go,d,fortran,objc,obj-c++,m2 --prefix=/usr --with-gcc-major-version-only --program-suffix=-12 --program-prefix=aarch64-linux-gnu- --enable-shared --enable-linker-build-id --libexecdir=/usr/lib --without-included-gettext --enable-threads=posix --libdir=/usr/lib --enable-nls --enable-clocale=gnu --enable-libstdcxx-debug --enable-libstdcxx-time=yes --with-default-libstdcxx-abi=new --enable-gnu-unique-object --disable-libquadmath --disable-libquadmath-support --enable-plugin --enable-default-pie --with-system-zlib --enable-libphobos-checking=release --with-target-system-zlib=auto --enable-objc-gc=auto --enable-multiarch --enable-fix-cortex-a53-843419 --disable-werror --enable-checking=release --build=aarch64-linux-gnu --host=aarch64-linux-gnu --target=aarch64-linux-gnu
Thread model: posix
Supported LTO compression algorithms: zlib zstd
gcc version 12.2.0 (Debian 12.2.0-14) 
configure:13460: $? = 0
configure:13449: g++ -V >&5
g++: error: unrecognized command-line option '-V'
g++: fatal error: no input files
compilation terminated.
configure:13460: $? = 1
configure:13449: g++ -qversion >&5
g++: error: unrecognized command-line option '-qversion'; did you mean '--version'?
g++: fatal error: no input files
compilation terminated.
configure:13460: $? = 1
configure:13464: checking whether the compiler supports GNU C++
configure:13484: g++ -c   conftest.cpp >&5
configure:13484: $? = 0
configure:13494: result: yes
configure:13505: checking whether g++ accepts -g
configure:13526: g++ -c -g  conftest.cpp >&5
configure:13526: $? = 0
configure:13570: result: yes
configure:13590: checking for g++ option to enable C++11 features
configure:13605: g++  -c   conftest.cpp >&5
conftest.cpp: In function 'int main(int, char**)':
conftest.cpp:207:25: warning: empty parentheses were disambiguated as a function declaration [-Wvexing-parse]
  207 |   cxx11test::delegate d2();
      |                         ^~
conftest.cpp:207:25: note: remove parentheses to default-initialize a variable
  207 |   cxx11test::delegate d2();
      |                         ^~
      |                         --
conftest.cpp:207:25: note: or replace parentheses with braces to value-initialize a variable
configure:13605: $? = 0
configure:13623: result: none needed
configure:13689: checking dependency style of g++
configure:13801: result: gcc3
configure:13834: checking how to run the C++ preprocessor
configure:13856: g++ -E  conftest.cpp
configure:13856: $? = 0
configure:13871: g++ -E  conftest.cpp
conftest.cpp:41:10: fatal error: ac_nonexistent.h: No such file or directory
   41 | #include <ac_nonexistent.h>
      |          ^~~~~~~~~~~~~~~~~~
compilation terminated.
configure:13871: $? = 1
configure: failed program was:
| /* confdefs.h */
| #define PACKAGE_NAME "Cribsense"
| #define PACKAGE_TARNAME "cribsense"
| #define PACKAGE_VERSION "1.0"
| #define PACKAGE_STRING "Cribsense 1.0"
| #define PACKAGE_BUGREPORT ""
| #define PACKAGE_URL ""
| #define PACKAGE "cribsense"
| #define VERSION "1.0"
| #define NDEBUG /**/
| #define HAVE_STDIO_H 1
| #define HAVE_STDLIB_H 1
| #define HAVE_STRING_H 1
| #define HAVE_INTTYPES_H 1
| #define HAVE_STDINT_H 1
| #define HAVE_STRINGS_H 1
| #define HAVE_SYS_STAT_H 1
| #define HAVE_SYS_TYPES_H 1
| #define HAVE_UNISTD_H 1
| #define HAVE_WCHAR_H 1
| #define STDC_HEADERS 1
| #define _ALL_SOURCE 1
| #define _DARWIN_C_SOURCE 1
| #define _GNU_SOURCE 1
| #define _HPUX_ALT_XOPEN_SOCKET_API 1
| #define _NETBSD_SOURCE 1
| #define _OPENBSD_SOURCE 1
| #define _POSIX_PTHREAD_SEMANTICS 1
| #define __STDC_WANT_IEC_60559_ATTRIBS_EXT__ 1
| #define __STDC_WANT_IEC_60559_BFP_EXT__ 1
| #define __STDC_WANT_IEC_60559_DFP_EXT__ 1
| #define __STDC_WANT_IEC_60559_FUNCS_EXT__ 1
| #define __STDC_WANT_IEC_60559_TYPES_EXT__ 1
| #define __STDC_WANT_LIB_EXT2__ 1
| #define __STDC_WANT_MATH_SPEC_FUNCS__ 1
| #define _TANDEM_SOURCE 1
| #define __EXTENSIONS__ 1
| #define HAVE_DLFCN_H 1
| #define LT_OBJDIR ".libs/"
| /* end confdefs.h.  */
| #include <ac_nonexistent.h>
configure:13898: result: g++ -E
configure:13912: g++ -E  conftest.cpp
configure:13912: $? = 0
configure:13927: g++ -E  conftest.cpp
conftest.cpp:41:10: fatal error: ac_nonexistent.h: No such file or directory
   41 | #include <ac_nonexistent.h>
      |          ^~~~~~~~~~~~~~~~~~
compilation terminated.
configure:13927: $? = 1
configure: failed program was:
| /* confdefs.h */
| #define PACKAGE_NAME "Cribsense"
| #define PACKAGE_TARNAME "cribsense"
| #define PACKAGE_VERSION "1.0"
| #define PACKAGE_STRING "Cribsense 1.0"
| #define PACKAGE_BUGREPORT ""
| #define PACKAGE_URL ""
| #define PACKAGE "cribsense"
| #define VERSION "1.0"
| #define NDEBUG /**/
| #define HAVE_STDIO_H 1
| #define HAVE_STDLIB_H 1
| #define HAVE_STRING_H 1
| #define HAVE_INTTYPES_H 1
| #define HAVE_STDINT_H 1
| #define HAVE_STRINGS_H 1
| #define HAVE_SYS_STAT_H 1
| #define HAVE_SYS_TYPES_H 1
| #define HAVE_UNISTD_H 1
| #define HAVE_WCHAR_H 1
| #define STDC_HEADERS 1
| #define _ALL_SOURCE 1
| #define _DARWIN_C_SOURCE 1
| #define _GNU_SOURCE 1
| #define _HPUX_ALT_XOPEN_SOCKET_API 1
| #define _NETBSD_SOURCE 1
| #define _OPENBSD_SOURCE 1
| #define _POSIX_PTHREAD_SEMANTICS 1
| #define __STDC_WANT_IEC_60559_ATTRIBS_EXT__ 1
| #define __STDC_WANT_IEC_60559_BFP_EXT__ 1
| #define __STDC_WANT_IEC_60559_DFP_EXT__ 1
| #define __STDC_WANT_IEC_60559_FUNCS_EXT__ 1
| #define __STDC_WANT_IEC_60559_TYPES_EXT__ 1
| #define __STDC_WANT_LIB_EXT2__ 1
| #define __STDC_WANT_MATH_SPEC_FUNCS__ 1
| #define _TANDEM_SOURCE 1
| #define __EXTENSIONS__ 1
| #define HAVE_DLFCN_H 1
| #define LT_OBJDIR ".libs/"
| /* end confdefs.h.  */
| #include <ac_nonexistent.h>
configure:14092: checking for ld used by g++
configure:14160: result: /usr/bin/ld
configure:14167: checking if the linker (/usr/bin/ld) is GNU ld
configure:14183: result: yes
configure:14238: checking whether the g++ linker (/usr/bin/ld) supports shared libraries
configure:15316: result: yes
configure:15352: g++ -c   conftest.cpp >&5
configure:15355: $? = 0
configure:15836: checking for g++ option to produce PIC
configure:15844: result: -fPIC -DPIC
configure:15852: checking if g++ PIC flag -fPIC -DPIC works
configure:15871: g++ -c   -fPIC -DPIC -DPIC conftest.cpp >&5
configure:15875: $? = 0
configure:15888: result: yes
configure:15911: checking if g++ static flag -static works
configure:15940: result: yes
configure:15952: checking if g++ supports -c -o file.o
configure:15974: g++ -c   -o out/conftest2.o conftest.cpp >&5
configure:15978: $? = 0
configure:16000: result: yes
configure:16005: checking if g++ supports -c -o file.o
configure:16053: result: yes
configure:16083: checking whether the g++ linker (/usr/bin/ld) supports shared libraries
configure:16126: result: yes
configure:16268: checking dynamic linker characteristics
configure:17028: result: GNU/Linux ld.so
configure:17093: checking how to hardcode library paths into programs
configure:17118: result: immediate
configure:17165: checking whether g++ supports C++11 features by default
configure:17460: g++ -c   conftest.cpp >&5
configure:17460: $? = 0
configure:17468: result: yes
configure:17893: checking whether C compiler accepts -Werror=unknown-warning-option
configure:17913: gcc -c   -Werror=unknown-warning-option  conftest.c >&5
cc1: error: '-Werror=unknown-warning-option': no option '-Wunknown-warning-option'
configure:17913: $? = 1
configure: failed program was:
| /* confdefs.h */
| #define PACKAGE_NAME "Cribsense"
| #define PACKAGE_TARNAME "cribsense"
| #define PACKAGE_VERSION "1.0"
| #define PACKAGE_STRING "Cribsense 1.0"
| #define PACKAGE_BUGREPORT ""
| #define PACKAGE_URL ""
| #define PACKAGE "cribsense"
| #define VERSION "1.0"
| #define NDEBUG /**/
| #define HAVE_STDIO_H 1
| #define HAVE_STDLIB_H 1
| #define HAVE_STRING_H 1
| #define HAVE_INTTYPES_H 1
| #define HAVE_STDINT_H 1
| #define HAVE_STRINGS_H 1
| #define HAVE_SYS_STAT_H 1
| #define HAVE_SYS_TYPES_H 1
| #define HAVE_UNISTD_H 1
| #define HAVE_WCHAR_H 1
| #define STDC_HEADERS 1
| #define _ALL_SOURCE 1
| #define _DARWIN_C_SOURCE 1
| #define _GNU_SOURCE 1
| #define _HPUX_ALT_XOPEN_SOCKET_API 1
| #define _NETBSD_SOURCE 1
| #define _OPENBSD_SOURCE 1
| #define _POSIX_PTHREAD_SEMANTICS 1
| #define __STDC_WANT_IEC_60559_ATTRIBS_EXT__ 1
| #define __STDC_WANT_IEC_60559_BFP_EXT__ 1
| #define __STDC_WANT_IEC_60559_DFP_EXT__ 1
| #define __STDC_WANT_IEC_60559_FUNCS_EXT__ 1
| #define __STDC_WANT_IEC_60559_TYPES_EXT__ 1
| #define __STDC_WANT_LIB_EXT2__ 1
| #define __STDC_WANT_MATH_SPEC_FUNCS__ 1
| #define _TANDEM_SOURCE 1
| #define __EXTENSIONS__ 1
| #define HAVE_DLFCN_H 1
| #define LT_OBJDIR ".libs/"
| /* end confdefs.h.  */
| 
| int
| main (void)
| {
| 
|   ;
|   return 0;
| }
configure:17922: result: no
configure:17943: checking whether C compiler accepts -fno-strict-aliasing
configure:17963: gcc -c   -fno-strict-aliasing  conftest.c >&5
configure:17963: $? = 0
configure:17973: result: yes
configure:18002: : WARN_CFLAGS="$WARN_CFLAGS"
configure:18005: $? = 0
configure:18027: checking whether C compiler accepts -Wall
configure:18047: gcc -c   -Wall  conftest.c >&5
configure:18047: $? = 0
configure:18057: result: yes
configure:18075: : WARN_CFLAGS="$WARN_CFLAGS"
configure:18078: $? = 0
configure:18027: checking whether C compiler accepts -Wextra
configure:18047: gcc -c   -Wextra  conftest.c >&5
configure:18047: $? = 0
configure:18057: result: yes
configure:18075: : WARN_CFLAGS="$WARN_CFLAGS"
configure:18078: $? = 0
configure:18027: checking whether C compiler accepts -Wundef
configure:18047: gcc -c   -Wundef  conftest.c >&5
configure:18047: $? = 0
configure:18057: result: yes
configure:18075: : WARN_CFLAGS="$WARN_CFLAGS"
configure:18078: $? = 0
configure:18027: checking whether C compiler accepts -Wnested-externs
configure:18047: gcc -c   -Wnested-externs  conftest.c >&5
configure:18047: $? = 0
configure:18057: result: yes
configure:18075: : WARN_CFLAGS="$WARN_CFLAGS"
configure:18078: $? = 0
configure:18027: checking whether C compiler accepts -Wwrite-strings
configure:18047: gcc -c   -Wwrite-strings  conftest.c >&5
configure:18047: $? = 0
configure:18057: result: yes
configure:18075: : WARN_CFLAGS="$WARN_CFLAGS"
configure:18078: $? = 0
configure:18027: checking whether C compiler accepts -Wpointer-arith
configure:18047: gcc -c   -Wpointer-arith  conftest.c >&5
configure:18047: $? = 0
configure:18057: result: yes
configure:18075: : WARN_CFLAGS="$WARN_CFLAGS"
configure:18078: $? = 0
configure:18027: checking whether C compiler accepts -Wmissing-declarations
configure:18047: gcc -c   -Wmissing-declarations  conftest.c >&5
configure:18047: $? = 0
configure:18057: result: yes
configure:18075: : WARN_CFLAGS="$WARN_CFLAGS"
configure:18078: $? = 0
configure:18027: checking whether C compiler accepts -Wmissing-prototypes
configure:18047: gcc -c   -Wmissing-prototypes  conftest.c >&5
configure:18047: $? = 0
configure:18057: result: yes
configure:18075: : WARN_CFLAGS="$WARN_CFLAGS"
configure:18078: $? = 0
configure:18027: checking whether C compiler accepts -Wstrict-prototypes
configure:18047: gcc -c   -Wstrict-prototypes  conftest.c >&5
configure:18047: $? = 0
configure:18057: result: yes
configure:18075: : WARN_CFLAGS="$WARN_CFLAGS"
configure:18078: $? = 0
configure:18027: checking whether C compiler accepts -Wredundant-decls
configure:18047: gcc -c   -Wredundant-decls  conftest.c >&5
configure:18047: $? = 0
configure:18057: result: yes
configure:18075: : WARN_CFLAGS="$WARN_CFLAGS"
configure:18078: $? = 0
configure:18027: checking whether C compiler accepts -Wno-unused-parameter
configure:18047: gcc -c   -Wno-unused-parameter  conftest.c >&5
configure:18047: $? = 0
configure:18057: result: yes
configure:18075: : WARN_CFLAGS="$WARN_CFLAGS"
configure:18078: $? = 0
configure:18027: checking whether C compiler accepts -Wno-missing-field-initializers
configure:18047: gcc -c   -Wno-missing-field-initializers  conftest.c >&5
configure:18047: $? = 0
configure:18057: result: yes
configure:18075: : WARN_CFLAGS="$WARN_CFLAGS"
configure:18078: $? = 0
configure:18027: checking whether C compiler accepts -Wdeclaration-after-statement
configure:18047: gcc -c   -Wdeclaration-after-statement  conftest.c >&5
configure:18047: $? = 0
configure:18057: result: yes
configure:18075: : WARN_CFLAGS="$WARN_CFLAGS"
configure:18078: $? = 0
configure:18027: checking whether C compiler accepts -Wformat=2
configure:18047: gcc -c   -Wformat=2  conftest.c >&5
configure:18047: $? = 0
configure:18057: result: yes
configure:18075: : WARN_CFLAGS="$WARN_CFLAGS"
configure:18078: $? = 0
configure:18027: checking whether C compiler accepts -Wold-style-definition
configure:18047: gcc -c   -Wold-style-definition  conftest.c >&5
configure:18047: $? = 0
configure:18057: result: yes
configure:18075: : WARN_CFLAGS="$WARN_CFLAGS"
configure:18078: $? = 0
configure:18027: checking whether C compiler accepts -Wcast-align
configure:18047: gcc -c   -Wcast-align  conftest.c >&5
configure:18047: $? = 0
configure:18057: result: yes
configure:18075: : WARN_CFLAGS="$WARN_CFLAGS"
configure:18078: $? = 0
configure:18027: checking whether C compiler accepts -Wformat-nonliteral
configure:18047: gcc -c   -Wformat-nonliteral  conftest.c >&5
cc1: warning: '-Wformat-nonliteral' ignored without '-Wformat' [-Wformat-nonliteral]
configure:18047: $? = 0
configure:18057: result: yes
configure:18075: : WARN_CFLAGS="$WARN_CFLAGS"
configure:18078: $? = 0
configure:18027: checking whether C compiler accepts -Wformat-security
configure:18047: gcc -c   -Wformat-security  conftest.c >&5
cc1: warning: '-Wformat-security' ignored without '-Wformat' [-Wformat-security]
configure:18047: $? = 0
configure:18057: result: yes
configure:18075: : WARN_CFLAGS="$WARN_CFLAGS"
configure:18078: $? = 0
configure:18027: checking whether C compiler accepts -Wsign-compare
configure:18047: gcc -c   -Wsign-compare  conftest.c >&5
configure:18047: $? = 0
configure:18057: result: yes
configure:18075: : WARN_CFLAGS="$WARN_CFLAGS"
configure:18078: $? = 0
configure:18027: checking whether C compiler accepts -Wstrict-aliasing
configure:18047: gcc -c   -Wstrict-aliasing  conftest.c >&5
configure:18047: $? = 0
configure:18057: result: yes
configure:18075: : WARN_CFLAGS="$WARN_CFLAGS"
configure:18078: $? = 0
configure:18027: checking whether C compiler accepts -Wshadow
configure:18047: gcc -c   -Wshadow  conftest.c >&5
configure:18047: $? = 0
configure:18057: result: yes
configure:18075: : WARN_CFLAGS="$WARN_CFLAGS"
configure:18078: $? = 0
configure:18027: checking whether C compiler accepts -Winline
configure:18047: gcc -c   -Winline  conftest.c >&5
configure:18047: $? = 0
configure:18057: result: yes
configure:18075: : WARN_CFLAGS="$WARN_CFLAGS"
configure:18078: $? = 0
configure:18027: checking whether C compiler accepts -Wpacked
configure:18047: gcc -c   -Wpacked  conftest.c >&5
configure:18047: $? = 0
configure:18057: result: yes
configure:18075: : WARN_CFLAGS="$WARN_CFLAGS"
configure:18078: $? = 0
configure:18027: checking whether C compiler accepts -Wmissing-format-attribute
configure:18047: gcc -c   -Wmissing-format-attribute  conftest.c >&5
configure:18047: $? = 0
configure:18057: result: yes
configure:18075: : WARN_CFLAGS="$WARN_CFLAGS"
configure:18078: $? = 0
configure:18027: checking whether C compiler accepts -Wmissing-noreturn
configure:18047: gcc -c   -Wmissing-noreturn  conftest.c >&5
configure:18047: $? = 0
configure:18057: result: yes
configure:18075: : WARN_CFLAGS="$WARN_CFLAGS"
configure:18078: $? = 0
configure:18027: checking whether C compiler accepts -Winit-self
configure:18047: gcc -c   -Winit-self  conftest.c >&5
configure:18047: $? = 0
configure:18057: result: yes
configure:18075: : WARN_CFLAGS="$WARN_CFLAGS"
configure:18078: $? = 0
configure:18027: checking whether C compiler accepts -Wredundant-decls
configure:18057: result: yes
configure:18067: : WARN_CFLAGS already contains $flag
configure:18070: $? = 0
configure:18027: checking whether C compiler accepts -Wmissing-include-dirs
configure:18047: gcc -c   -Wmissing-include-dirs  conftest.c >&5
configure:18047: $? = 0
configure:18057: result: yes
configure:18075: : WARN_CFLAGS="$WARN_CFLAGS"
configure:18078: $? = 0
configure:18027: checking whether C compiler accepts -Wunused-but-set-variable
configure:18047: gcc -c   -Wunused-but-set-variable  conftest.c >&5
configure:18047: $? = 0
configure:18057: result: yes
configure:18075: : WARN_CFLAGS="$WARN_CFLAGS"
configure:18078: $? = 0
configure:18027: checking whether C compiler accepts -Warray-bounds
configure:18047: gcc -c   -Warray-bounds  conftest.c >&5
configure:18047: $? = 0
configure:18057: result: yes
configure:18075: : WARN_CFLAGS="$WARN_CFLAGS"
configure:18078: $? = 0
configure:18027: checking whether C compiler accepts -Wimplicit-function-declaration
configure:18047: gcc -c   -Wimplicit-function-declaration  conftest.c >&5
configure:18047: $? = 0
configure:18057: result: yes
configure:18075: : WARN_CFLAGS="$WARN_CFLAGS"
configure:18078: $? = 0
configure:18027: checking whether C compiler accepts -Wreturn-type
configure:18047: gcc -c   -Wreturn-type  conftest.c >&5
configure:18047: $? = 0
configure:18057: result: yes
configure:18075: : WARN_CFLAGS="$WARN_CFLAGS"
configure:18078: $? = 0
configure:18027: checking whether C compiler accepts -Wswitch-enum
configure:18047: gcc -c   -Wswitch-enum  conftest.c >&5
configure:18047: $? = 0
configure:18057: result: yes
configure:18075: : WARN_CFLAGS="$WARN_CFLAGS"
configure:18078: $? = 0
configure:18027: checking whether C compiler accepts -Wswitch-default
configure:18047: gcc -c   -Wswitch-default  conftest.c >&5
configure:18047: $? = 0
configure:18057: result: yes
configure:18075: : WARN_CFLAGS="$WARN_CFLAGS"
configure:18078: $? = 0
configure:18124: : WARN_CFLAGS="$WARN_CFLAGS"
configure:18127: $? = 0
configure:18150: checking whether C compiler accepts -Wno-suggest-attribute=format
configure:18170: gcc -c   -Wno-suggest-attribute=format  conftest.c >&5
configure:18170: $? = 0
configure:18180: result: yes
configure:18198: : WARN_CFLAGS="$WARN_CFLAGS"
configure:18201: $? = 0
configure:18242: checking whether C compiler accepts -Wno-error=unused-parameter
configure:18262: gcc -c   -Wno-error=unused-parameter  conftest.c >&5
configure:18262: $? = 0
configure:18272: result: yes
configure:18290: : WARN_CFLAGS="$WARN_CFLAGS"
configure:18293: $? = 0
configure:18242: checking whether C compiler accepts -Wno-error=missing-field-initializers
configure:18262: gcc -c   -Wno-error=missing-field-initializers  conftest.c >&5
configure:18262: $? = 0
configure:18272: result: yes
configure:18290: : WARN_CFLAGS="$WARN_CFLAGS"
configure:18293: $? = 0
configure:18355: checking whether C++ compiler accepts -Werror=unknown-warning-option
configure:18375: g++ -c   -Werror=unknown-warning-option  conftest.cpp >&5
cc1plus: error: '-Werror=unknown-warning-option': no option '-Wunknown-warning-option'
configure:18375: $? = 1
configure: failed program was:
| /* confdefs.h */
| #define PACKAGE_NAME "Cribsense"
| #define PACKAGE_TARNAME "cribsense"
| #define PACKAGE_VERSION "1.0"
| #define PACKAGE_STRING "Cribsense 1.0"
| #define PACKAGE_BUGREPORT ""
| #define PACKAGE_URL ""
| #define PACKAGE "cribsense"
| #define VERSION "1.0"
| #define NDEBUG /**/
| #define HAVE_STDIO_H 1
| #define HAVE_STDLIB_H 1
| #define HAVE_STRING_H 1
| #define HAVE_INTTYPES_H 1
| #define HAVE_STDINT_H 1
| #define HAVE_STRINGS_H 1
| #define HAVE_SYS_STAT_H 1
| #define HAVE_SYS_TYPES_H 1
| #define HAVE_UNISTD_H 1
| #define HAVE_WCHAR_H 1
| #define STDC_HEADERS 1
| #define _ALL_SOURCE 1
| #define _DARWIN_C_SOURCE 1
| #define _GNU_SOURCE 1
| #define _HPUX_ALT_XOPEN_SOCKET_API 1
| #define _NETBSD_SOURCE 1
| #define _OPENBSD_SOURCE 1
| #define _POSIX_PTHREAD_SEMANTICS 1
| #define __STDC_WANT_IEC_60559_ATTRIBS_EXT__ 1
| #define __STDC_WANT_IEC_60559_BFP_EXT__ 1
| #define __STDC_WANT_IEC_60559_DFP_EXT__ 1
| #define __STDC_WANT_IEC_60559_FUNCS_EXT__ 1
| #define __STDC_WANT_IEC_60559_TYPES_EXT__ 1
| #define __STDC_WANT_LIB_EXT2__ 1
| #define __STDC_WANT_MATH_SPEC_FUNCS__ 1
| #define _TANDEM_SOURCE 1
| #define __EXTENSIONS__ 1
| #define HAVE_DLFCN_H 1
| #define LT_OBJDIR ".libs/"
| /* end confdefs.h.  */
| 
| int
| main (void)
| {
| 
|   ;
|   return 0;
| }
configure:18384: result: no
configure:18405: checking whether C++ compiler accepts -fno-strict-aliasing
configure:18425: g++ -c   -fno-strict-aliasing  conftest.cpp >&5
configure:18425: $? = 0
configure:18435: result: yes
configure:18464: : WARN_CXXFLAGS="$WARN_CXXFLAGS"
configure:18467: $? = 0
configure:18489: checking whether C++ compiler accepts -Wall
configure:18509: g++ -c   -Wall  conftest.cpp >&5
configure:18509: $? = 0
configure:18519: result: yes
configure:18537: : WARN_CXXFLAGS="$WARN_CXXFLAGS"
configure:18540: $? = 0
configure:18489: checking whether C++ compiler accepts -Wextra
configure:18509: g++ -c   -Wextra  conftest.cpp >&5
configure:18509: $? = 0
configure:18519: result: yes
configure:18537: : WARN_CXXFLAGS="$WARN_CXXFLAGS"
configure:18540: $? = 0
configure:18489: checking whether C++ compiler accepts -Wundef
configure:18509: g++ -c   -Wundef  conftest.cpp >&5
configure:18509: $? = 0
configure:18519: result: yes
configure:18537: : WARN_CXXFLAGS="$WARN_CXXFLAGS"
configure:18540: $? = 0
configure:18489: checking whether C++ compiler accepts -Wwrite-strings
configure:18509: g++ -c   -Wwrite-strings  conftest.cpp >&5
configure:18509: $? = 0
configure:18519: result: yes
configure:18537: : WARN_CXXFLAGS="$WARN_CXXFLAGS"
configure:18540: $? = 0
configure:18489: checking whether C++ compiler accepts -Wpointer-arith
configure:18509: g++ -c   -Wpointer-arith  conftest.cpp >&5
configure:18509: $? = 0
configure:18519: result: yes
configure:18537: : WARN_CXXFLAGS="$WARN_CXXFLAGS"
configure:18540: $? = 0
configure:18489: checking whether C++ compiler accepts -Wmissing-declarations
configure:18509: g++ -c   -Wmissing-declarations  conftest.cpp >&5
configure:18509: $? = 0
configure:18519: result: yes
configure:18537: : WARN_CXXFLAGS="$WARN_CXXFLAGS"
configure:18540: $? = 0
configure:18489: checking whether C++ compiler accepts -Wredundant-decls
configure:18509: g++ -c   -Wredundant-decls  conftest.cpp >&5
configure:18509: $? = 0
configure:18519: result: yes
configure:18537: : WARN_CXXFLAGS="$WARN_CXXFLAGS"
configure:18540: $? = 0
configure:18489: checking whether C++ compiler accepts -Wno-unused-parameter
configure:18509: g++ -c   -Wno-unused-parameter  conftest.cpp >&5
configure:18509: $? = 0
configure:18519: result: yes
configure:18537: : WARN_CXXFLAGS="$WARN_CXXFLAGS"
configure:18540: $? = 0
configure:18489: checking whether C++ compiler accepts -Wno-missing-field-initializers
configure:18509: g++ -c   -Wno-missing-field-initializers  conftest.cpp >&5
configure:18509: $? = 0
configure:18519: result: yes
configure:18537: : WARN_CXXFLAGS="$WARN_CXXFLAGS"
configure:18540: $? = 0
configure:18489: checking whether C++ compiler accepts -Wformat=2
configure:18509: g++ -c   -Wformat=2  conftest.cpp >&5
configure:18509: $? = 0
configure:18519: result: yes
configure:18537: : WARN_CXXFLAGS="$WARN_CXXFLAGS"
configure:18540: $? = 0
configure:18489: checking whether C++ compiler accepts -Wcast-align
configure:18509: g++ -c   -Wcast-align  conftest.cpp >&5
configure:18509: $? = 0
configure:18519: result: yes
configure:18537: : WARN_CXXFLAGS="$WARN_CXXFLAGS"
configure:18540: $? = 0
configure:18489: checking whether C++ compiler accepts -Wformat-nonliteral
configure:18509: g++ -c   -Wformat-nonliteral  conftest.cpp >&5
cc1plus: warning: '-Wformat-nonliteral' ignored without '-Wformat' [-Wformat-nonliteral]
configure:18509: $? = 0
configure:18519: result: yes
configure:18537: : WARN_CXXFLAGS="$WARN_CXXFLAGS"
configure:18540: $? = 0
configure:18489: checking whether C++ compiler accepts -Wformat-security
configure:18509: g++ -c   -Wformat-security  conftest.cpp >&5
cc1plus: warning: '-Wformat-security' ignored without '-Wformat' [-Wformat-security]
configure:18509: $? = 0
configure:18519: result: yes
configure:18537: : WARN_CXXFLAGS="$WARN_CXXFLAGS"
configure:18540: $? = 0
configure:18489: checking whether C++ compiler accepts -Wsign-compare
configure:18509: g++ -c   -Wsign-compare  conftest.cpp >&5
configure:18509: $? = 0
configure:18519: result: yes
configure:18537: : WARN_CXXFLAGS="$WARN_CXXFLAGS"
configure:18540: $? = 0
configure:18489: checking whether C++ compiler accepts -Wstrict-aliasing
configure:18509: g++ -c   -Wstrict-aliasing  conftest.cpp >&5
configure:18509: $? = 0
configure:18519: result: yes
configure:18537: : WARN_CXXFLAGS="$WARN_CXXFLAGS"
configure:18540: $? = 0
configure:18489: checking whether C++ compiler accepts -Wshadow
configure:18509: g++ -c   -Wshadow  conftest.cpp >&5
configure:18509: $? = 0
configure:18519: result: yes
configure:18537: : WARN_CXXFLAGS="$WARN_CXXFLAGS"
configure:18540: $? = 0
configure:18489: checking whether C++ compiler accepts -Winline
configure:18509: g++ -c   -Winline  conftest.cpp >&5
configure:18509: $? = 0
configure:18519: result: yes
configure:18537: : WARN_CXXFLAGS="$WARN_CXXFLAGS"
configure:18540: $? = 0
configure:18489: checking whether C++ compiler accepts -Wpacked
configure:18509: g++ -c   -Wpacked  conftest.cpp >&5
configure:18509: $? = 0
configure:18519: result: yes
configure:18537: : WARN_CXXFLAGS="$WARN_CXXFLAGS"
configure:18540: $? = 0
configure:18489: checking whether C++ compiler accepts -Wmissing-format-attribute
configure:18509: g++ -c   -Wmissing-format-attribute  conftest.cpp >&5
configure:18509: $? = 0
configure:18519: result: yes
configure:18537: : WARN_CXXFLAGS="$WARN_CXXFLAGS"
configure:18540: $? = 0
configure:18489: checking whether C++ compiler accepts -Wmissing-noreturn
configure:18509: g++ -c   -Wmissing-noreturn  conftest.cpp >&5
configure:18509: $? = 0
configure:18519: result: yes
configure:18537: : WARN_CXXFLAGS="$WARN_CXXFLAGS"
configure:18540: $? = 0
configure:18489: checking whether C++ compiler accepts -Winit-self
configure:18509: g++ -c   -Winit-self  conftest.cpp >&5
configure:18509: $? = 0
configure:18519: result: yes
configure:18537: : WARN_CXXFLAGS="$WARN_CXXFLAGS"
configure:18540: $? = 0
configure:18489: checking whether C++ compiler accepts -Wredundant-decls
configure:18519: result: yes
configure:18529: : WARN_CXXFLAGS already contains $flag
configure:18532: $? = 0
configure:18489: checking whether C++ compiler accepts -Wmissing-include-dirs
configure:18509: g++ -c   -Wmissing-include-dirs  conftest.cpp >&5
configure:18509: $? = 0
configure:18519: result: yes
configure:18537: : WARN_CXXFLAGS="$WARN_CXXFLAGS"
configure:18540: $? = 0
configure:18489: checking whether C++ compiler accepts -Wunused-but-set-variable
configure:18509: g++ -c   -Wunused-but-set-variable  conftest.cpp >&5
configure:18509: $? = 0
configure:18519: result: yes
configure:18537: : WARN_CXXFLAGS="$WARN_CXXFLAGS"
configure:18540: $? = 0
configure:18489: checking whether C++ compiler accepts -Warray-bounds
configure:18509: g++ -c   -Warray-bounds  conftest.cpp >&5
configure:18509: $? = 0
configure:18519: result: yes
configure:18537: : WARN_CXXFLAGS="$WARN_CXXFLAGS"
configure:18540: $? = 0
configure:18489: checking whether C++ compiler accepts -Wreturn-type
configure:18509: g++ -c   -Wreturn-type  conftest.cpp >&5
configure:18509: $? = 0
configure:18519: result: yes
configure:18537: : WARN_CXXFLAGS="$WARN_CXXFLAGS"
configure:18540: $? = 0
configure:18489: checking whether C++ compiler accepts -Wno-overloaded-virtual
configure:18509: g++ -c   -Wno-overloaded-virtual  conftest.cpp >&5
configure:18509: $? = 0
configure:18519: result: yes
configure:18537: : WARN_CXXFLAGS="$WARN_CXXFLAGS"
configure:18540: $? = 0
configure:18489: checking whether C++ compiler accepts -Wswitch-enum
configure:18509: g++ -c   -Wswitch-enum  conftest.cpp >&5
configure:18509: $? = 0
configure:18519: result: yes
configure:18537: : WARN_CXXFLAGS="$WARN_CXXFLAGS"
configure:18540: $? = 0
configure:18489: checking whether C++ compiler accepts -Wswitch-default
configure:18509: g++ -c   -Wswitch-default  conftest.cpp >&5
configure:18509: $? = 0
configure:18519: result: yes
configure:18537: : WARN_CXXFLAGS="$WARN_CXXFLAGS"
configure:18540: $? = 0
configure:18586: : WARN_CXXFLAGS="$WARN_CXXFLAGS"
configure:18589: $? = 0
configure:18612: checking whether C++ compiler accepts -Wno-suggest-attribute=format
configure:18632: g++ -c   -Wno-suggest-attribute=format  conftest.cpp >&5
configure:18632: $? = 0
configure:18642: result: yes
configure:18660: : WARN_CXXFLAGS="$WARN_CXXFLAGS"
configure:18663: $? = 0
configure:18704: checking whether C++ compiler accepts -Wno-error=unused-parameter
configure:18724: g++ -c   -Wno-error=unused-parameter  conftest.cpp >&5
configure:18724: $? = 0
configure:18734: result: yes
configure:18752: : WARN_CXXFLAGS="$WARN_CXXFLAGS"
configure:18755: $? = 0
configure:18704: checking whether C++ compiler accepts -Wno-error=missing-field-initializers
configure:18724: g++ -c   -Wno-error=missing-field-initializers  conftest.cpp >&5
configure:18724: $? = 0
configure:18734: result: yes
configure:18752: : WARN_CXXFLAGS="$WARN_CXXFLAGS"
configure:18755: $? = 0
configure:18704: checking whether C++ compiler accepts -Wno-error=overloaded-virtual
configure:18724: g++ -c   -Wno-error=overloaded-virtual  conftest.cpp >&5
configure:18724: $? = 0
configure:18734: result: yes
configure:18752: : WARN_CXXFLAGS="$WARN_CXXFLAGS"
configure:18755: $? = 0
configure:18809: checking whether C compiler accepts -Werror=unknown-warning-option
configure:18838: result: no
configure:18859: checking whether the linker accepts -Wl,--no-as-needed
configure:18879: gcc -o conftest     -Wl,--no-as-needed conftest.c  >&5
configure:18879: $? = 0
configure:18890: result: yes
configure:18919: : WARN_LDFLAGS="$WARN_LDFLAGS"
configure:18922: $? = 0
configure:19034: checking whether the linker accepts -Wl,--fatal-warnings
configure:19054: gcc -o conftest     -Wl,--fatal-warnings conftest.c  >&5
configure:19054: $? = 0
configure:19065: result: yes
configure:19083: : WARN_LDFLAGS="$WARN_LDFLAGS"
configure:19086: $? = 0
configure:19147: : WARN_SCANNERFLAGS="$WARN_SCANNERFLAGS"
configure:19150: $? = 0
configure:19174: : WARN_SCANNERFLAGS="$WARN_SCANNERFLAGS"
configure:19177: $? = 0
configure:19213: : WARN_SCANNERFLAGS="$WARN_SCANNERFLAGS"
configure:19216: $? = 0
configure:19309: checking for pkg-config
configure:19332: found /usr/bin/pkg-config
configure:19344: result: /usr/bin/pkg-config
configure:19369: checking pkg-config is at least version 0.9.0
configure:19372: result: yes
configure:19382: checking for opencv libcanberra
configure:19389: $PKG_CONFIG --exists --print-errors "opencv libcanberra"
configure:19392: $? = 0
configure:19406: $PKG_CONFIG --exists --print-errors "opencv libcanberra"
configure:19409: $? = 0
configure:19467: result: yes
configure:19576: checking that generated files are newer than configure
configure:19582: result: done
configure:19609: creating ./config.status

## ---------------------- ##
## Running config.status. ##
## ---------------------- ##

This file was extended by Cribsense config.status 1.0, which was
generated by GNU Autoconf 2.71.  Invocation command line was

  CONFIG_FILES    = 
  CONFIG_HEADERS  = 
  CONFIG_LINKS    = 
  CONFIG_COMMANDS = 
  $ ./config.status 

on raspberrypi

config.status:1184: creating Makefile
config.status:1184: creating config.h
config.status:1365: config.h is unchanged
config.status:1413: executing depfiles commands
config.status:1490: cd .       && sed -e '/# am--include-marker/d' Makefile         | make -f - am--depfiles
make: Nothing to be done for 'am--depfiles'.
config.status:1495: $? = 0
config.status:1413: executing libtool commands

## ---------------- ##
## Cache variables. ##
## ---------------- ##

ac_cv_build=aarch64-unknown-linux-gnu
ac_cv_c_compiler_gnu=yes
ac_cv_cxx_compiler_gnu=yes
ac_cv_env_CCC_set=
ac_cv_env_CCC_value=
ac_cv_env_CC_set=
ac_cv_env_CC_value=
ac_cv_env_CFLAGS_set=
ac_cv_env_CFLAGS_value=
ac_cv_env_CPPFLAGS_set=
ac_cv_env_CPPFLAGS_value=
ac_cv_env_CXXCPP_set=
ac_cv_env_CXXCPP_value=
ac_cv_env_CXXFLAGS_set=
ac_cv_env_CXXFLAGS_value=
ac_cv_env_CXX_set=
ac_cv_env_CXX_value=
ac_cv_env_DEPS_CFLAGS_set=
ac_cv_env_DEPS_CFLAGS_value=
ac_cv_env_DEPS_LIBS_set=
ac_cv_env_DEPS_LIBS_value=
ac_cv_env_LDFLAGS_set=
ac_cv_env_LDFLAGS_value=
ac_cv_env_LIBS_set=
ac_cv_env_LIBS_value=
ac_cv_env_LT_SYS_LIBRARY_PATH_set=
ac_cv_env_LT_SYS_LIBRARY_PATH_value=
ac_cv_env_PKG_CONFIG_LIBDIR_set=
ac_cv_env_PKG_CONFIG_LIBDIR_value=
ac_cv_env_PKG_CONFIG_PATH_set=set
ac_cv_env_PKG_CONFIG_PATH_value=/home/realtime/opencv-project/opencv-2.4.13.5/output/lib/pkgconfig:/home/realtime/opencv-project/opencv-2.4.13.5/output/lib/pkgconfig:
ac_cv_env_PKG_CONFIG_set=
ac_cv_env_PKG_CONFIG_value=
ac_cv_env_build_alias_set=
ac_cv_env_build_alias_value=
ac_cv_env_host_alias_set=
ac_cv_env_host_alias_value=
ac_cv_env_target_alias_set=
ac_cv_env_target_alias_value=
ac_cv_header_dlfcn_h=yes
ac_cv_header_inttypes_h=yes
ac_cv_header_minix_config_h=no
ac_cv_header_stdint_h=yes
ac_cv_header_stdio_h=yes
ac_cv_header_stdlib_h=yes
ac_cv_header_string_h=yes
ac_cv_header_strings_h=yes
ac_cv_header_sys_stat_h=yes
ac_cv_header_sys_types_h=yes
ac_cv_header_unistd_h=yes
ac_cv_header_wchar_h=yes
ac_cv_host=aarch64-unknown-linux-gnu
ac_cv_objext=o
ac_cv_path_EGREP='/usr/bin/grep -E'
ac_cv_path_FGREP='/usr/bin/grep -F'
ac_cv_path_GREP=/usr/bin/grep
ac_cv_path_SED=/usr/bin/sed
ac_cv_path_ac_pt_PKG_CONFIG=/usr/bin/pkg-config
ac_cv_path_install='/usr/bin/install -c'
ac_cv_path_lt_DD=/usr/bin/dd
ac_cv_path_mkdir=/usr/bin/mkdir
ac_cv_prog_AWK=mawk
ac_cv_prog_CXXCPP='g++ -E'
ac_cv_prog_ac_ct_AR=ar
ac_cv_prog_ac_ct_CC=gcc
ac_cv_prog_ac_ct_CXX=g++
ac_cv_prog_ac_ct_FILECMD=file
ac_cv_prog_ac_ct_MANIFEST_TOOL=mt
ac_cv_prog_ac_ct_OBJDUMP=objdump
ac_cv_prog_ac_ct_RANLIB=ranlib
ac_cv_prog_ac_ct_STRIP=strip
ac_cv_prog_cc_c11=
ac_cv_prog_cc_g=yes
ac_cv_prog_cc_stdc=
ac_cv_prog_cxx_cxx11=
ac_cv_prog_cxx_g=yes
ac_cv_prog_cxx_stdcxx=
ac_cv_prog_make_make_set=yes
ac_cv_safe_to_define___extensions__=yes
ac_cv_should_define__xopen_source=no
am_cv_CC_dependencies_compiler_type=gcc3
am_cv_CXX_dependencies_compiler_type=gcc3
am_cv_make_support_nested_variables=yes
am_cv_prog_cc_c_o=yes
am_cv_prog_tar_ustar=gnutar
ax_cv_check_cflags__Wall=yes
ax_cv_check_cflags__Warray_bounds=yes
ax_cv_check_cflags__Wcast_align=yes
ax_cv_check_cflags__Wdeclaration_after_statement=yes
ax_cv_check_cflags__Wextra=yes
ax_cv_check_cflags__Wformat_2=yes
ax_cv_check_cflags__Wformat_nonliteral=yes
ax_cv_check_cflags__Wformat_security=yes
ax_cv_check_cflags__Wimplicit_function_declaration=yes
ax_cv_check_cflags__Winit_self=yes
ax_cv_check_cflags__Winline=yes
ax_cv_check_cflags__Wmissing_declarations=yes
ax_cv_check_cflags__Wmissing_format_attribute=yes
ax_cv_check_cflags__Wmissing_include_dirs=yes
ax_cv_check_cflags__Wmissing_noreturn=yes
ax_cv_check_cflags__Wmissing_prototypes=yes
ax_cv_check_cflags__Wnested_externs=yes
ax_cv_check_cflags__Wno_error_missing_field_initializers=yes
ax_cv_check_cflags__Wno_error_unused_parameter=yes
ax_cv_check_cflags__Wno_missing_field_initializers=yes
ax_cv_check_cflags__Wno_suggest_attribute_format=yes
ax_cv_check_cflags__Wno_unused_parameter=yes
ax_cv_check_cflags__Wold_style_definition=yes
ax_cv_check_cflags__Wpacked=yes
ax_cv_check_cflags__Wpointer_arith=yes
ax_cv_check_cflags__Wredundant_decls=yes
ax_cv_check_cflags__Wreturn_type=yes
ax_cv_check_cflags__Wshadow=yes
ax_cv_check_cflags__Wsign_compare=yes
ax_cv_check_cflags__Wstrict_aliasing=yes
ax_cv_check_cflags__Wstrict_prototypes=yes
ax_cv_check_cflags__Wswitch_default=yes
ax_cv_check_cflags__Wswitch_enum=yes
ax_cv_check_cflags__Wundef=yes
ax_cv_check_cflags__Wunused_but_set_variable=yes
ax_cv_check_cflags__Wwrite_strings=yes
ax_cv_check_cflags___Werror_unknown_warning_option=no
ax_cv_check_cflags__fno_strict_aliasing=yes
ax_cv_check_cxxflags__Wall=yes
ax_cv_check_cxxflags__Warray_bounds=yes
ax_cv_check_cxxflags__Wcast_align=yes
ax_cv_check_cxxflags__Wextra=yes
ax_cv_check_cxxflags__Wformat_2=yes
ax_cv_check_cxxflags__Wformat_nonliteral=yes
ax_cv_check_cxxflags__Wformat_security=yes
ax_cv_check_cxxflags__Winit_self=yes
ax_cv_check_cxxflags__Winline=yes
ax_cv_check_cxxflags__Wmissing_declarations=yes
ax_cv_check_cxxflags__Wmissing_format_attribute=yes
ax_cv_check_cxxflags__Wmissing_include_dirs=yes
ax_cv_check_cxxflags__Wmissing_noreturn=yes
ax_cv_check_cxxflags__Wno_error_missing_field_initializers=yes
ax_cv_check_cxxflags__Wno_error_overloaded_virtual=yes
ax_cv_check_cxxflags__Wno_error_unused_parameter=yes
ax_cv_check_cxxflags__Wno_missing_field_initializers=yes
ax_cv_check_cxxflags__Wno_overloaded_virtual=yes
ax_cv_check_cxxflags__Wno_suggest_attribute_format=yes
ax_cv_check_cxxflags__Wno_unused_parameter=yes
ax_cv_check_cxxflags__Wpacked=yes
ax_cv_check_cxxflags__Wpointer_arith=yes
ax_cv_check_cxxflags__Wredundant_decls=yes
ax_cv_check_cxxflags__Wreturn_type=yes
ax_cv_check_cxxflags__Wshadow=yes
ax_cv_check_cxxflags__Wsign_compare=yes
ax_cv_check_cxxflags__Wstrict_aliasing=yes
ax_cv_check_cxxflags__Wswitch_default=yes
ax_cv_check_cxxflags__Wswitch_enum=yes
ax_cv_check_cxxflags__Wundef=yes
ax_cv_check_cxxflags__Wunused_but_set_variable=yes
ax_cv_check_cxxflags__Wwrite_strings=yes
ax_cv_check_cxxflags___Werror_unknown_warning_option=no
ax_cv_check_cxxflags__fno_strict_aliasing=yes
ax_cv_check_ldflags__Wl___fatal_warnings=yes
ax_cv_check_ldflags__Wl___no_as_needed=yes
ax_cv_cxx_compile_cxx11=yes
lt_cv_ar_at_file=@
lt_cv_archive_cmds_need_lc=no
lt_cv_deplibs_check_method=pass_all
lt_cv_file_magic_cmd='$MAGIC_CMD'
lt_cv_file_magic_test_file=
lt_cv_ld_reload_flag=-r
lt_cv_nm_interface='BSD nm'
lt_cv_objdir=.libs
lt_cv_path_LD=/usr/bin/ld
lt_cv_path_LDCXX=/usr/bin/ld
lt_cv_path_NM='/usr/bin/nm -B'
lt_cv_path_mainfest_tool=no
lt_cv_prog_compiler_c_o=yes
lt_cv_prog_compiler_c_o_CXX=yes
lt_cv_prog_compiler_pic='-fPIC -DPIC'
lt_cv_prog_compiler_pic_CXX='-fPIC -DPIC'
lt_cv_prog_compiler_pic_works=yes
lt_cv_prog_compiler_pic_works_CXX=yes
lt_cv_prog_compiler_rtti_exceptions=no
lt_cv_prog_compiler_static_works=yes
lt_cv_prog_compiler_static_works_CXX=yes
lt_cv_prog_gnu_ld=yes
lt_cv_prog_gnu_ldcxx=yes
lt_cv_sharedlib_from_linklib_cmd='printf %s\n'
lt_cv_shlibpath_overrides_runpath=yes
lt_cv_sys_global_symbol_pipe='/usr/bin/sed -n -e '\''s/^.*[	 ]\([ABCDGIRSTW][ABCDGIRSTW]*\)[	 ][	 ]*\([_A-Za-z][_A-Za-z0-9]*\)$/\1 \2 \2/p'\'' | /usr/bin/sed '\''/ __gnu_lto/d'\'''
lt_cv_sys_global_symbol_to_c_name_address='/usr/bin/sed -n -e '\''s/^: \(.*\) .*$/  {"\1", (void *) 0},/p'\'' -e '\''s/^[ABCDGIRSTW][ABCDGIRSTW]* .* \(.*\)$/  {"\1", (void *) \&\1},/p'\'''
lt_cv_sys_global_symbol_to_c_name_address_lib_prefix='/usr/bin/sed -n -e '\''s/^: \(.*\) .*$/  {"\1", (void *) 0},/p'\'' -e '\''s/^[ABCDGIRSTW][ABCDGIRSTW]* .* \(lib.*\)$/  {"\1", (void *) \&\1},/p'\'' -e '\''s/^[ABCDGIRSTW][ABCDGIRSTW]* .* \(.*\)$/  {"lib\1", (void *) \&\1},/p'\'''
lt_cv_sys_global_symbol_to_cdecl='/usr/bin/sed -n -e '\''s/^T .* \(.*\)$/extern int \1();/p'\'' -e '\''s/^[ABCDGIRSTW][ABCDGIRSTW]* .* \(.*\)$/extern char \1;/p'\'''
lt_cv_sys_global_symbol_to_import=
lt_cv_sys_max_cmd_len=1572864
lt_cv_to_host_file_cmd=func_convert_file_noop
lt_cv_to_tool_file_cmd=func_convert_file_noop
lt_cv_truncate_bin='/usr/bin/dd bs=4096 count=1'
pkg_cv_DEPS_CFLAGS='-I/home/realtime/opencv-project/opencv-2.4.13.5/output/include/opencv -I/home/realtime/opencv-project/opencv-2.4.13.5/output/include -D_REENTRANT '
pkg_cv_DEPS_LIBS='-L/home/realtime/opencv-project/opencv-2.4.13.5/output/lib -lopencv_calib3d -lopencv_contrib -lopencv_core -lopencv_features2d -lopencv_flann -lopencv_gpu -lopencv_highgui -lopencv_imgproc -lopencv_legacy -lopencv_ml -lopencv_nonfree -lopencv_objdetect -lopencv_ocl -lopencv_photo -lopencv_stitching -lopencv_superres -lopencv_ts -lopencv_video -lopencv_videostab -lrt -lpthread -lm -ldl -lcanberra '

## ----------------- ##
## Output variables. ##
## ----------------- ##

ACLOCAL='${SHELL} '\''/home/realtime/CribSense/build-aux/missing'\'' aclocal-1.16'
AMDEPBACKSLASH='\'
AMDEP_FALSE='#'
AMDEP_TRUE=''
AMTAR='$${TAR-tar}'
AM_BACKSLASH='\'
AM_DEFAULT_V='$(AM_DEFAULT_VERBOSITY)'
AM_DEFAULT_VERBOSITY='1'
AM_V='$(V)'
AR='ar'
ARCH_CXXFLAGS=''
AUTOCONF='${SHELL} '\''/home/realtime/CribSense/build-aux/missing'\'' autoconf'
AUTOHEADER='${SHELL} '\''/home/realtime/CribSense/build-aux/missing'\'' autoheader'
AUTOMAKE='${SHELL} '\''/home/realtime/CribSense/build-aux/missing'\'' automake-1.16'
AWK='mawk'
CC='gcc'
CCDEPMODE='depmode=gcc3'
CFLAGS=''
CPPFLAGS=''
CSCOPE='cscope'
CTAGS='ctags'
CXX='g++'
CXXCPP='g++ -E'
CXXDEPMODE='depmode=gcc3'
CXXFLAGS=''
CYGPATH_W='echo'
DEFS='-DHAVE_CONFIG_H'
DEPDIR='.deps'
DEPS_CFLAGS='-I/home/realtime/opencv-project/opencv-2.4.13.5/output/include/opencv -I/home/realtime/opencv-project/opencv-2.4.13.5/output/include -D_REENTRANT '
DEPS_LIBS='-L/home/realtime/opencv-project/opencv-2.4.13.5/output/lib -lopencv_calib3d -lopencv_contrib -lopencv_core -lopencv_features2d -lopencv_flann -lopencv_gpu -lopencv_highgui -lopencv_imgproc -lopencv_legacy -lopencv_ml -lopencv_nonfree -lopencv_objdetect -lopencv_ocl -lopencv_photo -lopencv_stitching -lopencv_superres -lopencv_ts -lopencv_video -lopencv_videostab -lrt -lpthread -lm -ldl -lcanberra '
DLLTOOL='false'
DSYMUTIL=''
DUMPBIN=''
ECHO_C=''
ECHO_N='-n'
ECHO_T=''
EGREP='/usr/bin/grep -E'
ETAGS='etags'
EXEEXT=''
FGREP='/usr/bin/grep -F'
FILECMD='file'
GREP='/usr/bin/grep'
HAVE_CXX11=''
INSTALL_DATA='${INSTALL} -m 644'
INSTALL_PROGRAM='${INSTALL}'
INSTALL_SCRIPT='${INSTALL}'
INSTALL_STRIP_PROGRAM='$(install_sh) -c -s'
LD='/usr/bin/ld'
LDFLAGS=''
LIBOBJS=''
LIBS=''
LIBTOOL='$(SHELL) $(top_builddir)/libtool'
LIPO=''
LN_S='ln -s'
LTLIBOBJS=''
LT_SYS_LIBRARY_PATH=''
MAKEINFO='${SHELL} '\''/home/realtime/CribSense/build-aux/missing'\'' makeinfo'
MANIFEST_TOOL=':'
MKDIR_P='/usr/bin/mkdir -p'
NM='/usr/bin/nm -B'
NMEDIT=''
OBJDUMP='objdump'
OBJEXT='o'
OTOOL64=''
OTOOL=''
PACKAGE='cribsense'
PACKAGE_BUGREPORT=''
PACKAGE_NAME='Cribsense'
PACKAGE_STRING='Cribsense 1.0'
PACKAGE_TARNAME='cribsense'
PACKAGE_URL=''
PACKAGE_VERSION='1.0'
PATH_SEPARATOR=':'
PKG_CONFIG='/usr/bin/pkg-config'
PKG_CONFIG_LIBDIR=''
PKG_CONFIG_PATH='/home/realtime/opencv-project/opencv-2.4.13.5/output/lib/pkgconfig:/home/realtime/opencv-project/opencv-2.4.13.5/output/lib/pkgconfig:'
RANLIB='ranlib'
SED='/usr/bin/sed'
SET_MAKE=''
SHELL='/bin/bash'
STRIP='strip'
VERSION='1.0'
WARN_CFLAGS='-fno-strict-aliasing -Wall -Wextra -Wundef -Wnested-externs -Wwrite-strings -Wpointer-arith -Wmissing-declarations -Wmissing-prototypes -Wstrict-prototypes -Wredundant-decls -Wno-unused-parameter -Wno-missing-field-initializers -Wdeclaration-after-statement -Wformat=2 -Wold-style-definition -Wcast-align -Wformat-nonliteral -Wformat-security -Wsign-compare -Wstrict-aliasing -Wshadow -Winline -Wpacked -Wmissing-format-attribute -Wmissing-noreturn -Winit-self -Wmissing-include-dirs -Wunused-but-set-variable -Warray-bounds -Wimplicit-function-declaration -Wreturn-type -Wswitch-enum -Wswitch-default -Werror -Wno-suggest-attribute=format -Wno-error=unused-parameter -Wno-error=missing-field-initializers'
WARN_CXXFLAGS='-fno-strict-aliasing -Wall -Wextra -Wundef -Wwrite-strings -Wpointer-arith -Wmissing-declarations -Wredundant-decls -Wno-unused-parameter -Wno-missing-field-initializers -Wformat=2 -Wcast-align -Wformat-nonliteral -Wformat-security -Wsign-compare -Wstrict-aliasing -Wshadow -Winline -Wpacked -Wmissing-format-attribute -Wmissing-noreturn -Winit-self -Wmissing-include-dirs -Wunused-but-set-variable -Warray-bounds -Wreturn-type -Wno-overloaded-virtual -Wswitch-enum -Wswitch-default -Werror -Wno-suggest-attribute=format -Wno-error=unused-parameter -Wno-error=missing-field-initializers -Wno-error=overloaded-virtual'
WARN_LDFLAGS='-Wl,--no-as-needed -Wl,--fatal-warnings'
WARN_SCANNERFLAGS='              --warn-all                                                                           --warn-error         '
ac_ct_AR='ar'
ac_ct_CC='gcc'
ac_ct_CXX='g++'
ac_ct_DUMPBIN=''
am__EXEEXT_FALSE=''
am__EXEEXT_TRUE='#'
am__fastdepCC_FALSE='#'
am__fastdepCC_TRUE=''
am__fastdepCXX_FALSE='#'
am__fastdepCXX_TRUE=''
am__include='include'
am__isrc=''
am__leading_dot='.'
am__nodep='_no'
am__quote=''
am__tar='tar --format=ustar -chf - "$$tardir"'
am__untar='tar -xf -'
bindir='${exec_prefix}/bin'
build='aarch64-unknown-linux-gnu'
build_alias=''
build_cpu='aarch64'
build_os='linux-gnu'
build_vendor='unknown'
datadir='${datarootdir}'
datarootdir='${prefix}/share'
docdir='${datarootdir}/doc/${PACKAGE_TARNAME}'
dvidir='${docdir}'
exec_prefix='${prefix}'
host='aarch64-unknown-linux-gnu'
host_alias=''
host_cpu='aarch64'
host_os='linux-gnu'
host_vendor='unknown'
htmldir='${docdir}'
includedir='${prefix}/include'
infodir='${datarootdir}/info'
install_sh='${SHELL} /home/realtime/CribSense/build-aux/install-sh'
libdir='${exec_prefix}/lib'
libexecdir='${exec_prefix}/libexec'
localedir='${datarootdir}/locale'
localstatedir='${prefix}/var'
mandir='${datarootdir}/man'
mkdir_p='$(MKDIR_P)'
oldincludedir='/usr/include'
pdfdir='${docdir}'
prefix='/usr'
program_transform_name='s,x,x,'
psdir='${docdir}'
runstatedir='${localstatedir}/run'
sbindir='${exec_prefix}/sbin'
sharedstatedir='${prefix}/com'
sysconfdir='/etc'
target_alias=''

## ----------- ##
## confdefs.h. ##
## ----------- ##

/* confdefs.h */
#define PACKAGE_NAME "Cribsense"
#define PACKAGE_TARNAME "cribsense"
#define PACKAGE_VERSION "1.0"
#define PACKAGE_STRING "Cribsense 1.0"
#define PACKAGE_BUGREPORT ""
#define PACKAGE_URL ""
#define PACKAGE "cribsense"
#define VERSION "1.0"
#define NDEBUG /**/
#define HAVE_STDIO_H 1
#define HAVE_STDLIB_H 1
#define HAVE_STRING_H 1
#define HAVE_INTTYPES_H 1
#define HAVE_STDINT_H 1
#define HAVE_STRINGS_H 1
#define HAVE_SYS_STAT_H 1
#define HAVE_SYS_TYPES_H 1
#define HAVE_UNISTD_H 1
#define HAVE_WCHAR_H 1
#define STDC_HEADERS 1
#define _ALL_SOURCE 1
#define _DARWIN_C_SOURCE 1
#define _GNU_SOURCE 1
#define _HPUX_ALT_XOPEN_SOCKET_API 1
#define _NETBSD_SOURCE 1
#define _OPENBSD_SOURCE 1
#define _POSIX_PTHREAD_SEMANTICS 1
#define __STDC_WANT_IEC_60559_ATTRIBS_EXT__ 1
#define __STDC_WANT_IEC_60559_BFP_EXT__ 1
#define __STDC_WANT_IEC_60559_DFP_EXT__ 1
#define __STDC_WANT_IEC_60559_FUNCS_EXT__ 1
#define __STDC_WANT_IEC_60559_TYPES_EXT__ 1
#define __STDC_WANT_LIB_EXT2__ 1
#define __STDC_WANT_MATH_SPEC_FUNCS__ 1
#define _TANDEM_SOURCE 1
#define __EXTENSIONS__ 1
#define HAVE_DLFCN_H 1
#define LT_OBJDIR ".libs/"

configure: exit 0
